{"name":"hexo","hostname":"wangzheng-Lenovo-G50-80","pid":5445,"level":20,"msg":"Hexo version: \u001b[35m3.7.1\u001b[39m","time":"2019-05-05T16:13:39.331Z","v":0}
{"name":"hexo","hostname":"wangzheng-Lenovo-G50-80","pid":5445,"level":20,"msg":"Working directory: \u001b[35m~/桌面/blog/blog/\u001b[39m","time":"2019-05-05T16:13:39.333Z","v":0}
{"name":"hexo","hostname":"wangzheng-Lenovo-G50-80","pid":5445,"level":20,"msg":"Config loaded: \u001b[35m~/桌面/blog/blog/_config.yml\u001b[39m","time":"2019-05-05T16:13:39.412Z","v":0}
{"name":"hexo","hostname":"wangzheng-Lenovo-G50-80","pid":5445,"level":20,"msg":"Plugin loaded: \u001b[35mhexo-deployer-git\u001b[39m","time":"2019-05-05T16:13:39.446Z","v":0}
{"name":"hexo","hostname":"wangzheng-Lenovo-G50-80","pid":5445,"level":20,"msg":"Plugin loaded: \u001b[35mhexo-generator-archive\u001b[39m","time":"2019-05-05T16:13:39.449Z","v":0}
{"name":"hexo","hostname":"wangzheng-Lenovo-G50-80","pid":5445,"level":20,"msg":"Plugin loaded: \u001b[35mhexo-generator-category\u001b[39m","time":"2019-05-05T16:13:39.451Z","v":0}
{"name":"hexo","hostname":"wangzheng-Lenovo-G50-80","pid":5445,"level":20,"msg":"Plugin loaded: \u001b[35mhexo-generator-index\u001b[39m","time":"2019-05-05T16:13:39.452Z","v":0}
{"name":"hexo","hostname":"wangzheng-Lenovo-G50-80","pid":5445,"level":20,"msg":"Plugin loaded: \u001b[35mhexo-admin\u001b[39m","time":"2019-05-05T16:13:39.493Z","v":0}
{"name":"hexo","hostname":"wangzheng-Lenovo-G50-80","pid":5445,"level":20,"msg":"Plugin loaded: \u001b[35mhexo-asset-image\u001b[39m","time":"2019-05-05T16:13:39.565Z","v":0}
{"name":"hexo","hostname":"wangzheng-Lenovo-G50-80","pid":5445,"level":20,"msg":"Plugin loaded: \u001b[35mhexo-generator-tag\u001b[39m","time":"2019-05-05T16:13:39.566Z","v":0}
{"name":"hexo","hostname":"wangzheng-Lenovo-G50-80","pid":5445,"level":20,"msg":"Plugin loaded: \u001b[35mhexo-helper-live2d\u001b[39m","time":"2019-05-05T16:13:39.585Z","v":0}
{"name":"hexo","hostname":"wangzheng-Lenovo-G50-80","pid":5445,"level":20,"msg":"Plugin loaded: \u001b[35mhexo-leancloud-counter-security\u001b[39m","time":"2019-05-05T16:13:39.713Z","v":0}
{"name":"hexo","hostname":"wangzheng-Lenovo-G50-80","pid":5445,"level":20,"msg":"Plugin loaded: \u001b[35mhexo-renderer-ejs\u001b[39m","time":"2019-05-05T16:13:39.718Z","v":0}
{"name":"hexo","hostname":"wangzheng-Lenovo-G50-80","pid":5445,"level":20,"msg":"Plugin loaded: \u001b[35mhexo-renderer-marked\u001b[39m","time":"2019-05-05T16:13:39.724Z","v":0}
{"name":"hexo","hostname":"wangzheng-Lenovo-G50-80","pid":5445,"level":20,"msg":"Plugin loaded: \u001b[35mhexo-renderer-stylus\u001b[39m","time":"2019-05-05T16:13:39.725Z","v":0}
{"name":"hexo","hostname":"wangzheng-Lenovo-G50-80","pid":5445,"level":20,"msg":"Plugin loaded: \u001b[35mhexo-server\u001b[39m","time":"2019-05-05T16:13:39.755Z","v":0}
{"name":"hexo","hostname":"wangzheng-Lenovo-G50-80","pid":5445,"level":20,"msg":"Plugin loaded: \u001b[35mhexo-wordcount\u001b[39m","time":"2019-05-05T16:13:39.787Z","v":0}
{"name":"hexo","hostname":"wangzheng-Lenovo-G50-80","pid":5445,"level":20,"msg":"Script loaded: \u001b[35mthemes/next/scripts/helpers.js\u001b[39m","time":"2019-05-05T16:13:39.794Z","v":0}
{"name":"hexo","hostname":"wangzheng-Lenovo-G50-80","pid":5445,"level":20,"msg":"Script loaded: \u001b[35mthemes/next/scripts/merge-configs.js\u001b[39m","time":"2019-05-05T16:13:39.798Z","v":0}
{"name":"hexo","hostname":"wangzheng-Lenovo-G50-80","pid":5445,"level":20,"msg":"Script loaded: \u001b[35mthemes/next/scripts/tags/button.js\u001b[39m","time":"2019-05-05T16:13:39.799Z","v":0}
{"name":"hexo","hostname":"wangzheng-Lenovo-G50-80","pid":5445,"level":20,"msg":"Script loaded: \u001b[35mthemes/next/scripts/merge.js\u001b[39m","time":"2019-05-05T16:13:39.801Z","v":0}
{"name":"hexo","hostname":"wangzheng-Lenovo-G50-80","pid":5445,"level":20,"msg":"Script loaded: \u001b[35mthemes/next/scripts/tags/center-quote.js\u001b[39m","time":"2019-05-05T16:13:39.802Z","v":0}
{"name":"hexo","hostname":"wangzheng-Lenovo-G50-80","pid":5445,"level":20,"msg":"Script loaded: \u001b[35mthemes/next/scripts/tags/exturl.js\u001b[39m","time":"2019-05-05T16:13:39.802Z","v":0}
{"name":"hexo","hostname":"wangzheng-Lenovo-G50-80","pid":5445,"level":20,"msg":"Script loaded: \u001b[35mthemes/next/scripts/tags/full-image.js\u001b[39m","time":"2019-05-05T16:13:39.803Z","v":0}
{"name":"hexo","hostname":"wangzheng-Lenovo-G50-80","pid":5445,"level":20,"msg":"Script loaded: \u001b[35mthemes/next/scripts/tags/group-pictures.js\u001b[39m","time":"2019-05-05T16:13:39.804Z","v":0}
{"name":"hexo","hostname":"wangzheng-Lenovo-G50-80","pid":5445,"level":20,"msg":"Script loaded: \u001b[35mthemes/next/scripts/tags/include-raw.js\u001b[39m","time":"2019-05-05T16:13:39.804Z","v":0}
{"name":"hexo","hostname":"wangzheng-Lenovo-G50-80","pid":5445,"level":20,"msg":"Script loaded: \u001b[35mthemes/next/scripts/tags/label.js\u001b[39m","time":"2019-05-05T16:13:39.805Z","v":0}
{"name":"hexo","hostname":"wangzheng-Lenovo-G50-80","pid":5445,"level":20,"msg":"Script loaded: \u001b[35mthemes/next/scripts/tags/note.js\u001b[39m","time":"2019-05-05T16:13:39.805Z","v":0}
{"name":"hexo","hostname":"wangzheng-Lenovo-G50-80","pid":5445,"level":20,"msg":"Script loaded: \u001b[35mthemes/next/scripts/tags/tabs.js\u001b[39m","time":"2019-05-05T16:13:39.805Z","v":0}
{"name":"hexo","hostname":"wangzheng-Lenovo-G50-80","pid":5445,"level":20,"msg":"Database saved","time":"2019-05-05T16:13:39.811Z","v":0}
{"name":"hexo","hostname":"wangzheng-Lenovo-G50-80","pid":5467,"level":20,"msg":"Hexo version: \u001b[35m3.7.1\u001b[39m","time":"2019-05-05T16:14:19.425Z","v":0}
{"name":"hexo","hostname":"wangzheng-Lenovo-G50-80","pid":5467,"level":20,"msg":"Working directory: \u001b[35m~/桌面/blog/blog/\u001b[39m","time":"2019-05-05T16:14:19.428Z","v":0}
{"name":"hexo","hostname":"wangzheng-Lenovo-G50-80","pid":5467,"level":20,"msg":"Config loaded: \u001b[35m~/桌面/blog/blog/_config.yml\u001b[39m","time":"2019-05-05T16:14:19.497Z","v":0}
{"name":"hexo","hostname":"wangzheng-Lenovo-G50-80","pid":5467,"level":20,"msg":"Plugin loaded: \u001b[35mhexo-admin\u001b[39m","time":"2019-05-05T16:14:19.545Z","v":0}
{"name":"hexo","hostname":"wangzheng-Lenovo-G50-80","pid":5467,"level":20,"msg":"Plugin loaded: \u001b[35mhexo-generator-archive\u001b[39m","time":"2019-05-05T16:14:19.548Z","v":0}
{"name":"hexo","hostname":"wangzheng-Lenovo-G50-80","pid":5467,"level":20,"msg":"Plugin loaded: \u001b[35mhexo-generator-category\u001b[39m","time":"2019-05-05T16:14:19.549Z","v":0}
{"name":"hexo","hostname":"wangzheng-Lenovo-G50-80","pid":5467,"level":20,"msg":"Plugin loaded: \u001b[35mhexo-deployer-git\u001b[39m","time":"2019-05-05T16:14:19.568Z","v":0}
{"name":"hexo","hostname":"wangzheng-Lenovo-G50-80","pid":5467,"level":20,"msg":"Plugin loaded: \u001b[35mhexo-generator-index\u001b[39m","time":"2019-05-05T16:14:19.569Z","v":0}
{"name":"hexo","hostname":"wangzheng-Lenovo-G50-80","pid":5467,"level":20,"msg":"Plugin loaded: \u001b[35mhexo-asset-image\u001b[39m","time":"2019-05-05T16:14:19.636Z","v":0}
{"name":"hexo","hostname":"wangzheng-Lenovo-G50-80","pid":5467,"level":20,"msg":"Plugin loaded: \u001b[35mhexo-generator-tag\u001b[39m","time":"2019-05-05T16:14:19.637Z","v":0}
{"name":"hexo","hostname":"wangzheng-Lenovo-G50-80","pid":5467,"level":20,"msg":"Plugin loaded: \u001b[35mhexo-helper-live2d\u001b[39m","time":"2019-05-05T16:14:19.654Z","v":0}
{"name":"hexo","hostname":"wangzheng-Lenovo-G50-80","pid":5467,"level":20,"msg":"Plugin loaded: \u001b[35mhexo-leancloud-counter-security\u001b[39m","time":"2019-05-05T16:14:19.778Z","v":0}
{"name":"hexo","hostname":"wangzheng-Lenovo-G50-80","pid":5467,"level":20,"msg":"Plugin loaded: \u001b[35mhexo-renderer-ejs\u001b[39m","time":"2019-05-05T16:14:19.781Z","v":0}
{"name":"hexo","hostname":"wangzheng-Lenovo-G50-80","pid":5467,"level":20,"msg":"Plugin loaded: \u001b[35mhexo-renderer-marked\u001b[39m","time":"2019-05-05T16:14:19.786Z","v":0}
{"name":"hexo","hostname":"wangzheng-Lenovo-G50-80","pid":5467,"level":20,"msg":"Plugin loaded: \u001b[35mhexo-renderer-stylus\u001b[39m","time":"2019-05-05T16:14:19.787Z","v":0}
{"name":"hexo","hostname":"wangzheng-Lenovo-G50-80","pid":5467,"level":20,"msg":"Plugin loaded: \u001b[35mhexo-server\u001b[39m","time":"2019-05-05T16:14:19.817Z","v":0}
{"name":"hexo","hostname":"wangzheng-Lenovo-G50-80","pid":5467,"level":20,"msg":"Plugin loaded: \u001b[35mhexo-wordcount\u001b[39m","time":"2019-05-05T16:14:19.817Z","v":0}
{"name":"hexo","hostname":"wangzheng-Lenovo-G50-80","pid":5467,"level":20,"msg":"Script loaded: \u001b[35mthemes/next/scripts/helpers.js\u001b[39m","time":"2019-05-05T16:14:19.852Z","v":0}
{"name":"hexo","hostname":"wangzheng-Lenovo-G50-80","pid":5467,"level":20,"msg":"Script loaded: \u001b[35mthemes/next/scripts/merge-configs.js\u001b[39m","time":"2019-05-05T16:14:19.856Z","v":0}
{"name":"hexo","hostname":"wangzheng-Lenovo-G50-80","pid":5467,"level":20,"msg":"Script loaded: \u001b[35mthemes/next/scripts/tags/button.js\u001b[39m","time":"2019-05-05T16:14:19.856Z","v":0}
{"name":"hexo","hostname":"wangzheng-Lenovo-G50-80","pid":5467,"level":20,"msg":"Script loaded: \u001b[35mthemes/next/scripts/merge.js\u001b[39m","time":"2019-05-05T16:14:19.859Z","v":0}
{"name":"hexo","hostname":"wangzheng-Lenovo-G50-80","pid":5467,"level":20,"msg":"Script loaded: \u001b[35mthemes/next/scripts/tags/center-quote.js\u001b[39m","time":"2019-05-05T16:14:19.859Z","v":0}
{"name":"hexo","hostname":"wangzheng-Lenovo-G50-80","pid":5467,"level":20,"msg":"Script loaded: \u001b[35mthemes/next/scripts/tags/exturl.js\u001b[39m","time":"2019-05-05T16:14:19.860Z","v":0}
{"name":"hexo","hostname":"wangzheng-Lenovo-G50-80","pid":5467,"level":20,"msg":"Script loaded: \u001b[35mthemes/next/scripts/tags/full-image.js\u001b[39m","time":"2019-05-05T16:14:19.860Z","v":0}
{"name":"hexo","hostname":"wangzheng-Lenovo-G50-80","pid":5467,"level":20,"msg":"Script loaded: \u001b[35mthemes/next/scripts/tags/group-pictures.js\u001b[39m","time":"2019-05-05T16:14:19.861Z","v":0}
{"name":"hexo","hostname":"wangzheng-Lenovo-G50-80","pid":5467,"level":20,"msg":"Script loaded: \u001b[35mthemes/next/scripts/tags/include-raw.js\u001b[39m","time":"2019-05-05T16:14:19.861Z","v":0}
{"name":"hexo","hostname":"wangzheng-Lenovo-G50-80","pid":5467,"level":20,"msg":"Script loaded: \u001b[35mthemes/next/scripts/tags/label.js\u001b[39m","time":"2019-05-05T16:14:19.862Z","v":0}
{"name":"hexo","hostname":"wangzheng-Lenovo-G50-80","pid":5467,"level":20,"msg":"Script loaded: \u001b[35mthemes/next/scripts/tags/note.js\u001b[39m","time":"2019-05-05T16:14:19.862Z","v":0}
{"name":"hexo","hostname":"wangzheng-Lenovo-G50-80","pid":5467,"level":20,"msg":"Script loaded: \u001b[35mthemes/next/scripts/tags/tabs.js\u001b[39m","time":"2019-05-05T16:14:19.862Z","v":0}
{"name":"hexo","hostname":"wangzheng-Lenovo-G50-80","pid":5467,"level":20,"msg":"Database saved","time":"2019-05-05T16:14:19.867Z","v":0}
